<?xml version="1.0" encoding="UTF-8"?>
<testng-results skipped="0" failed="0" total="1" passed="1">
  <reporter-output>
  </reporter-output>
  <suite name="Suite" duration-ms="31653" started-at="2020-11-27T05:16:34Z" finished-at="2020-11-27T05:17:05Z">
    <groups>
    </groups>
    <test name="Test" duration-ms="31653" started-at="2020-11-27T05:16:34Z" finished-at="2020-11-27T05:17:05Z">
      <class name="com.automation.keyworddriven.scropts.VerifyLoginPage">
        <test-method status="PASS" signature="checkvalidateuser()[pri:0, instance:com.automation.keyworddriven.scropts.VerifyLoginPage@6a79c292]" name="checkvalidateuser" duration-ms="31629" started-at="2020-11-27T10:46:34Z" finished-at="2020-11-27T10:47:05Z">
          <reporter-output>
          </reporter-output>
        </test-method> <!-- checkvalidateuser -->
      </class> <!-- com.automation.keyworddriven.scropts.VerifyLoginPage -->
    </test> <!-- Test -->
  </suite> <!-- Suite -->
</testng-results>
